     1                                  ; alive2.asm
     2                                  
     3                                  extern  printf
     4                                  section .data 
     5 00000000 48656C6C6F2C20576F-     	msg1 db "Hello, World!",0
     5 00000009 726C642100         
     6 0000000E 416C69766520616E64-     	msg2 db "Alive and Kicking!",0
     6 00000017 204B69636B696E6721-
     6 00000020 00                 
     7 00000021 65010000                	radius dd 357
     8 00000025 1F85EB51B81E0940        	pi     dq  3.14
     9 0000002D 25730A00                	fmtstr  db "%s",10,0
    10 00000031 256C660A00              	fmtflt  db "%lf",10,0
    11 00000036 25640A00                	fmtint  db "%d",10,0
    12                                  
    13                                  section .bss
    14                                  section .text
    15                                  	global main
    16                                  
    17                                  main:
    18 00000000 55                      	push rbp
    19 00000001 4889E5                  	mov  rbp,rsp
    20                                  	
    21                                  ; printf msg1
    22 00000004 B800000000              	mov rax,0
    23 00000009 48BF-                   	mov rdi,fmtstr
    23 0000000B [2D00000000000000] 
    24 00000013 48BE-                   	mov rsi,msg1
    24 00000015 [0000000000000000] 
    25 0000001D E8(00000000)            	call printf
    26                                  
    27                                  ; print msg2
    28 00000022 B800000000              	mov rax,0
    29 00000027 48BF-                   	mov rdi,fmtstr
    29 00000029 [2D00000000000000] 
    30 00000031 48BE-                   	mov rsi,msg2
    30 00000033 [0E00000000000000] 
    31 0000003B E8(00000000)            	call printf
    32                                  
    33                                  ; printf radius 
    34 00000040 B800000000              	mov rax,0
    35 00000045 48BF-                   	mov rdi,fmtint
    35 00000047 [3600000000000000] 
    36 0000004F 488B3425[21000000]      	mov rsi,[radius]
    37 00000057 E8(00000000)            	call printf
    38                                  ; printf pi
    39 0000005C B801000000              	mov rax,1
    40 00000061 F30F7E0425-             	movq xmm0,[pi]   ;使用一个xmm寄存器
    40 00000066 [25000000]         
    41 0000006A 48BF-                   	mov rdi,fmtflt
    41 0000006C [3100000000000000] 
    42 00000074 E8(00000000)            	call printf
    43                                  ; 
    44 00000079 4889EC                  	mov rsp,rbp
    45 0000007C 5D                      	pop rbp
    46                                  	
    47 0000007D C3                      ret
    48                                  
