     1                                  ; jumploop.asm
     2                                  
     3                                  extern printf
     4                                  section .data
     5 00000000 00CA9A3B00000000        	number  dq 1000000000
     6 00000008 5468652073756D2066-     	fmt     db "The sum from 0 to %ld is %ld",10,0
     6 00000011 726F6D203020746F20-
     6 0000001A 256C6420697320256C-
     6 00000023 640A00             
     7                                  
     8                                  section .bss
     9                                  section .text
    10                                  	global main
    11                                  
    12                                  main: 
    13 00000000 55                      	push rbp
    14 00000001 4889E5                  	mov  rbp,rsp
    15                                  
    16 00000004 BB00000000              	mov  rbx,0   ;计数器
    17 00000009 B800000000              	mov  rax,0	;rax存放在rax
    18                                  
    19                                  jloop:
    20 0000000E 4801D8                  	add  rax,rbx
    21 00000011 48FFC3                  	inc  rbx
    22 00000014 483B1C25[00000000]      	cmp  rbx,[number]
    23 0000001C 7EF0                    	jle  jloop
    24                                  
    25 0000001E 48BF-                   	mov  rdi,fmt
    25 00000020 [0800000000000000] 
    26 00000028 488B3425[00000000]      	mov  rsi,[number]
    27 00000030 4889C2                  	mov  rdx,rax
    28 00000033 B800000000              	mov  rax,0
    29 00000038 E8(00000000)            	call printf
    30                                  
    31 0000003D 4889EC                  	mov  rsp,rbp
    32 00000040 5D                      	pop  rbp
    33                                  	
    34 00000041 C3                      	ret
