     1                                  ; aligned3.asm
     2                                  
     3                                  
     4                                  extern printf
     5                                  section .data
     6 00000000 322074696D65732076-     	fmt 	db "2 times value is %.14lf",10,0
     6 00000009 616C75652069732025-
     6 00000012 2E31346C660A00     
     7 00000019 E5886654FB210940        	pi	dq 3.14159265458976
     8                                  
     9                                  section .bss
    10                                  section .text
    11                                  	global main
    12                                  main:
    13 00000000 55                      	push	rbp
    14 00000001 4889E5                  	mov 	rbp,rsp
    15                                  
    16 00000004 F20F100425-             	movsd	xmm0,[pi]
    16 00000009 [19000000]         
    17 0000000D F20F580425-             	addsd 	xmm0,[pi]
    17 00000012 [19000000]         
    18                                  
    19 00000016 48BF-                   	mov	rdi,fmt
    19 00000018 [0000000000000000] 
    20 00000020 B801000000              	mov	rax,1
    21 00000025 E8(00000000)            	call	printf
    22                                  
    23                                  
    24 0000002A 4889EC                  	mov	rsp,rbp
    25 0000002D 5D                      	pop	rbp
    26 0000002E C3                      	ret
