     1                                  ; aligned2.asm
     2                                  
     3                                  
     4                                  extern printf
     5                                  
     6                                  section .data
     7 00000000 322074696D65207069-     	fmt	db "2 time pi equals %.14f",10,0
     7 00000009 20657175616C732025-
     7 00000012 2E3134660A00       
     8 00000018 692915CB230D0940        	pi 	dq 3.1314159265358979
     9                                  
    10                                  section .bss
    11                                  section .text
    12                                  	global main
    13                                  main:
    14 00000000 55                      	push	rbp
    15 00000001 4889E5                  	mov 	rbp,rsp
    16                                  
    17 00000004 F20F100425-             	movsd	xmm0,[pi]
    17 00000009 [18000000]         
    18 0000000D F20F580425-             	addsd	xmm0,[pi]
    18 00000012 [18000000]         
    19 00000016 48BF-                   	mov 	rdi,fmt
    19 00000018 [0000000000000000] 
    20 00000020 B801000000              	mov	rax,1
    21 00000025 E8(00000000)            	call	printf
    22                                  
    23 0000002A C9                      	leave
    24 0000002B C3                      	ret
