     1                                  ;hello.asm
     2                                  
     3                                  section .data
     4 00000000 68656C6C6F2C776F72-     	msg db "hello,world",0
     4 00000009 6C6400             
     5 0000000C 0A                      	NL  db 0xa
     6                                  section .bss
     7                                  
     8                                  section .text
     9                                  	global main
    10                                  
    11                                  main:
    12 00000000 B801000000              	mov rax,1 ;1表示写入
    13 00000005 BF01000000              	mov rdi,1 ;1表示标准输出
    14 0000000A 48BE-                   	mov rsi,msg ;需要显示的字符串放在rsi中
    14 0000000C [0000000000000000] 
    15 00000014 BA0C000000              	mov rdx,12  ;字符串的长度,不包括0
    16 00000019 0F05                    	syscall     ;显示字符串
    17                                  	
    18 0000001B B801000000              	mov rax,1   ;1表示写入
    19 00000020 BF01000000              	mov rdi,1   ;1表示标准输出
    20 00000025 48BE-                   	mov rsi,NL  ;显示新行
    20 00000027 [0C00000000000000] 
    21 0000002F BA01000000              	mov rdx,1   ;字符串的长度
    22 00000034 0F05                    	syscall 
    23                                  
    24 00000036 B83C000000              	mov rax,60  ;表示退出
    25 0000003B BF00000000              	mov rdi,0   ;0是成功退出代码
    26 00000040 0F05                    	syscall 
