     1                                  ; add.asm
     2                                  extern  printf
     3                                  section .data
     4 00000000 0A00000000000000        	num1 	dq 10
     5 00000008 1400000000000000        	num2    dq 20
     6 00000010 0000000000000000        	sum     dq 0
     7 00000018 25642B25643D25640A-     	fmt 	db "%d+%d=%d",10,0
     7 00000021 00                 
     8                                  
     9                                  section .bss
    10                                  section .text
    11                                  	global main
    12                                  main:
    13 00000000 55                      	push   rbp
    14 00000001 4889E5                  	mov    rbp,rsp
    15                                  	;
    16 00000004 488B0425[00000000]      	mov    rax,[num1]
    17 0000000C 48030425[08000000]      	add    rax,[num2]
    18 00000014 48890425[10000000]      	mov    [sum],rax
    19                                  	
    20                                  	;
    21 0000001C 48BF-                   	mov    rdi,fmt
    21 0000001E [1800000000000000] 
    22 00000026 488B3425[00000000]      	mov    rsi,[num1]
    23 0000002E 488B1425[08000000]      	mov    rdx,[num2]
    24 00000036 488B0C25[10000000]      	mov    rcx,[sum]
    25 0000003E B800000000              	mov    rax,0
    26 00000043 E8(00000000)            	call   printf	
    27                                  
    28 00000048 4889EC                  	mov    rsp,rbp
    29 0000004B 5D                      	pop    rbp
    30 0000004C C3                      	ret
