     1                                  ; mul.asm
     2                                  
     3                                  extern printf
     4                                  section .data
     5 00000000 0A00000000000000        	num1 	dq 10
     6 00000008 0000000000000000        	sum     dq 0
     7 00000010 256C64202A20256C64-     	fmt     db "%ld * %ld = %ld",10,0
     7 00000019 203D20256C640A00   
     8                                  
     9                                  
    10                                  section .bss
    11                                  section .text
    12                                  	global main
    13                                  main:
    14 00000000 55                      	push   rbp
    15 00000001 4889E5                  	mov    rbp,rsp
    16                                  	
    17 00000004 488B0425[00000000]      	mov    rax,[num1]
    18 0000000C 480FAF0425-             	imul    rax,[num1]
    18 00000011 [00000000]         
    19 00000015 48890425[08000000]      	mov    [sum],rax
    20                                  	
    21 0000001D 48BF-                   	mov    rdi,fmt
    21 0000001F [1000000000000000] 
    22 00000027 488B3425[00000000]      	mov    rsi,[num1]
    23 0000002F 488B1425[00000000]      	mov    rdx,[num1]
    24 00000037 488B0C25[08000000]      	mov    rcx,[sum]
    25 0000003F B800000000              	mov    rax,0
    26 00000044 E8(00000000)            	call   printf	
    27                                  
    28 00000049 C9                      	leave
    29 0000004A C3                      	ret
