     1                                  ;hello.asm
     2                                  
     3                                  extern printf
     4                                  section .data 
     5 00000000 68656C6C6F2C206173-     	msg	db "hello, assembly!",0
     5 00000009 73656D626C792100   
     6 00000011 25730A00                	fmtstr  db "%s",10,0
     7                                  	
     8 00000015 1F85EB51B81E0940        	pi      dq 3.14	
     9 0000001D 256C660A00              	fmtflt  db "%lf",10,0
    10                                  section .bss
    11                                  section .text
    12                                  	global main
    13                                  
    14                                  main:
    15 00000000 55                      	push  rbp
    16 00000001 4889E5                  	mov   rbp,rsp
    17                                  	
    18 00000004 B800000000              	mov   rax,0
    19 00000009 48BE-                   	mov   rsi,msg
    19 0000000B [0000000000000000] 
    20 00000013 48BF-                   	mov   rdi,fmtstr
    20 00000015 [1100000000000000] 
    21 0000001D E8(00000000)            	call  printf
    22                                  
    23                                  ; 打印pi 浮点数
    24 00000022 B801000000              	mov  rax,1
    25 00000027 F30F7E0425-             	movq xmm0,[pi]
    25 0000002C [15000000]         
    26 00000030 48BF-                   	mov  rdi,fmtflt
    26 00000032 [1D00000000000000] 
    27 0000003A E8(00000000)            	call printf	
    28                                  
    29 0000003F 4889EC                  	mov   rsp,rbp
    30 00000042 5D                      	pop   rbp
    31                                  
    32 00000043 C3                      	ret
