     1                                  ; jump.asm
     2                                  
     3                                  extern printf
     4                                  section .data
     5 00000000 2A00000000000000        	number1		dq 42
     6 00000008 2900000000000000        	number2 	dq 41
     7 00000010 4E554D42455231203E-     	fmt1		db "NUMBER1 > = NUMBER2",10,0
     7 00000019 203D204E554D424552-
     7 00000022 320A00             
     8 00000025 4E554D42455231203C-     	fmt2 		db "NUMBER1 < = NUMBER2",10,0
     8 0000002E 203D204E554D424552-
     8 00000037 320A00             
     9                                  	
    10                                  section .bss
    11                                  section .text
    12                                  	global main
    13                                  
    14                                  main:
    15 00000000 55                      	push rbp
    16 00000001 4889E5                  	mov  rbp,rsp
    17                                  	
    18 00000004 48B8-                   	mov  rax,number1
    18 00000006 [0000000000000000] 
    19 0000000E 48BB-                   	mov  rbx,number2
    19 00000010 [0800000000000000] 
    20 00000018 4839D8                  	cmp  rax,rbx
    21 0000001B 7D16                    	jge  greater
    22                                  	
    23 0000001D 48BF-                   	mov  rdi,fmt2
    23 0000001F [2500000000000000] 
    24 00000027 B800000000              	mov  rax,0
    25 0000002C E8(00000000)            	call printf
    26 00000031 EB14                    	jmp  exit
    27                                  greater:
    28 00000033 48BF-                   	mov  rdi,fmt1
    28 00000035 [1000000000000000] 
    29 0000003D B800000000              	mov  rax,0
    30 00000042 E8(00000000)            	call printf
    31                                  exit:	
    32 00000047 4889EC                  	mov  rsp,rbp
    33 0000004A 5D                      	pop  rbp
    34                                  
    35 0000004B C3                      	ret
