     1                                  ; hello.asm
     2                                  
     3                                  extern printf
     4                                  
     5                                  section .data
     6 00000000 68656C6C6F2C776F72-     	msg db "hello,world!",10,0
     6 00000009 6C64210A00         
     7 0000000E 25730A00                	fmtstr db "%s",10,0
     8                                  
     9                                  section .bss
    10                                  section .text
    11                                  	global main
    12                                  main:
    13 00000000 55                      	push rbp
    14 00000001 4889E5                  	mov  rbp,rsp
    15                                  
    16 00000004 B800000000              	mov  rax,0
    17 00000009 48BE-                   	mov  rsi,fmtstr
    17 0000000B [0E00000000000000] 
    18 00000013 48BF-                   	mov  rdi,msg
    18 00000015 [0000000000000000] 
    19 0000001D E8(00000000)            	call printf
    20                                  
    21                                  
    22 00000022 4889EC                  	mov  rsp,rbp
    23 00000025 5D                      	pop  rbp
    24                                  
    25 00000026 C3                      	ret
